Detalles de la partida:
  Modo: NORMAL
  Numero de ronda: 1
  Duracion: 1001
  Puntajes:
    BrainV2 6837690: 1917
    COMPLETAR NOMBRE DE EQUIPO: 1
    BrainV2 1720348: 1


Detalles de la partida:
  Modo: NORMAL
  Numero de ronda: 1
  Duracion: 1001
  Puntajes:
    COMPLETAR NOMBRE DE EQUIPO: 1920
    BrainV3 2844747: 533
    BrainV3 8963436: 98


Detalles de la partida:
  Modo: NORMAL
  Numero de ronda: 1
  Duracion: 1001
  Puntajes:
    BrainV2 7466406: 1933
    BrainV2 2879474: 1001
    COMPLETAR NOMBRE DE EQUIPO: 0


Detalles de la partida:
  Modo: NORMAL
  Numero de ronda: 1
  Duracion: 312
  Puntajes:
    BrainV3 9530812: 3737
    BrainV3 3576722: 550
    COMPLETAR NOMBRE DE EQUIPO: 1


Detalles de la partida:
  Modo: NORMAL
  Numero de ronda: 1
  Duracion: 141
  Puntajes:
    BrainV3 4613506: 2066
    BrainV3 5436694: 527
    COMPLETAR NOMBRE DE EQUIPO: 0


Detalles de la partida:
  Modo: NORMAL
  Numero de ronda: 1
  Duracion: 217
  Puntajes:
    BrainV3 4461798: 5605
    BrainV3 5299990: 1131
    BrainV3 1443922: 459
    BrainV3 4012109: 316
    BrainV3 636936: 134
    COMPLETAR NOMBRE DE EQUIPO: 0


Detalles de la partida:
  Modo: NORMAL
  Numero de ronda: 1
  Duracion: 249
  Puntajes:
    BrainV3 2873448: 3049
    BrainV3 510065: 14
    COMPLETAR NOMBRE DE EQUIPO: 5


Detalles de la partida:
  Modo: NORMAL
  Numero de ronda: 1
  Duracion: 7
  Puntajes:
    EXE: 6


Detalles de la partida:
  Modo: NORMAL
  Numero de ronda: 1
  Duracion: 14
  Puntajes:
    EXE: 13


Detalles de la partida:
  Modo: NORMAL
  Numero de ronda: 1
  Duracion: 1001
  Puntajes:
    EXE: 2002


Detalles de la partida:
  Modo: NORMAL
  Numero de ronda: 1
  Duracion: 2
  Puntajes:
    EXE: 1


Detalles de la partida:
  Modo: NORMAL
  Numero de ronda: 1
  Duracion: 13
  Puntajes:
    EXE: 12


Detalles de la partida:
  Modo: NORMAL
  Numero de ronda: 1
  Duracion: 24
  Puntajes:
    EXE: 23


Detalles de la partida:
  Modo: NORMAL
  Numero de ronda: 1
  Duracion: 13
  Puntajes:
    EXE: 12


Detalles de la partida:
  Modo: NORMAL
  Numero de ronda: 1
  Duracion: 24
  Puntajes:
    EXE: 62


Detalles de la partida:
  Modo: NORMAL
  Numero de ronda: 1
  Duracion: 40
  Puntajes:
    EXE: 98


Detalles de la partida:
  Modo: NORMAL
  Numero de ronda: 1
  Duracion: 14
  Puntajes:
    EXE: 29


Detalles de la partida:
  Modo: NORMAL
  Numero de ronda: 1
  Duracion: 14
  Puntajes:
    EXE: 15


Detalles de la partida:
  Modo: NORMAL
  Numero de ronda: 1
  Duracion: 11
  Puntajes:
    EXE: 10


Detalles de la partida:
  Modo: NORMAL
  Numero de ronda: 1
  Duracion: 17
  Puntajes:
    EXE: 24


Detalles de la partida:
  Modo: NORMAL
  Numero de ronda: 1
  Duracion: 24
  Puntajes:
    EXE: 23


Detalles de la partida:
  Modo: NORMAL
  Numero de ronda: 1
  Duracion: 8
  Puntajes:
    EXE: 13


Detalles de la partida:
  Modo: NORMAL
  Numero de ronda: 1
  Duracion: 99
  Puntajes:
    EXE: 469


Detalles de la partida:
  Modo: NORMAL
  Numero de ronda: 1
  Duracion: 206
  Puntajes:
    EXE: 1820


Detalles de la partida:
  Modo: NORMAL
  Numero de ronda: 1
  Duracion: 25
  Puntajes:
    EXE: 66


Detalles de la partida:
  Modo: NORMAL
  Numero de ronda: 1
  Duracion: 9
  Puntajes:
    EXE: 13


Detalles de la partida:
  Modo: NORMAL
  Numero de ronda: 1
  Duracion: 170
  Puntajes:
    EXE: 1672


Detalles de la partida:
  Modo: NORMAL
  Numero de ronda: 1
  Duracion: 72
  Puntajes:
    EXE: 393


Detalles de la partida:
  Modo: NORMAL
  Numero de ronda: 1
  Duracion: 110
  Puntajes:
    EXE: 647


Detalles de la partida:
  Modo: NORMAL
  Numero de ronda: 1
  Duracion: 185
  Puntajes:
    EXE: 1634


Detalles de la partida:
  Modo: NORMAL
  Numero de ronda: 1
  Duracion: 71
  Puntajes:
    EXE: 295


Detalles de la partida:
  Modo: NORMAL
  Numero de ronda: 1
  Duracion: 18
  Puntajes:
    EXE: 43


Detalles de la partida:
  Modo: NORMAL
  Numero de ronda: 1
  Duracion: 309
  Puntajes:
    EXE: 3602


Detalles de la partida:
  Modo: NORMAL
  Numero de ronda: 1
  Duracion: 15
  Puntajes:
    EXE: 14


Detalles de la partida:
  Modo: NORMAL
  Numero de ronda: 1
  Duracion: 144
  Puntajes:
    EXE: 680


Detalles de la partida:
  Modo: NORMAL
  Numero de ronda: 1
  Duracion: 183
  Puntajes:
    EXE: 1392


Detalles de la partida:
  Modo: NORMAL
  Numero de ronda: 1
  Duracion: 3
  Puntajes:
    EXE: 2


Detalles de la partida:
  Modo: NORMAL
  Numero de ronda: 1
  Duracion: 10
  Puntajes:
    EXE: 9


Detalles de la partida:
  Modo: NORMAL
  Numero de ronda: 1
  Duracion: 5
  Puntajes:
    EXE: 4


Detalles de la partida:
  Modo: NORMAL
  Numero de ronda: 1
  Duracion: 10
  Puntajes:
    EXE: 9


Detalles de la partida:
  Modo: NORMAL
  Numero de ronda: 1
  Duracion: 75
  Puntajes:
    EXE: 343


Detalles de la partida:
  Modo: NORMAL
  Numero de ronda: 1
  Duracion: 97
  Puntajes:
    EXE: 528


Detalles de la partida:
  Modo: NORMAL
  Numero de ronda: 1
  Duracion: 16
  Puntajes:
    EXE: 21


Detalles de la partida:
  Modo: NORMAL
  Numero de ronda: 1
  Duracion: 113
  Puntajes:
    EXE: 668


Detalles de la partida:
  Modo: NORMAL
  Numero de ronda: 1
  Duracion: 134
  Puntajes:
    EXE: 925


Detalles de la partida:
  Modo: NORMAL
  Numero de ronda: 1
  Duracion: 34
  Puntajes:
    EXE: 61


Detalles de la partida:
  Modo: NORMAL
  Numero de ronda: 1
  Duracion: 48
  Puntajes:
    EXE: 142


Detalles de la partida:
  Modo: NORMAL
  Numero de ronda: 1
  Duracion: 143
  Puntajes:
    EXE: 1038


Detalles de la partida:
  Modo: NORMAL
  Numero de ronda: 1
  Duracion: 8
  Puntajes:
    EXE: 7


Detalles de la partida:
  Modo: NORMAL
  Numero de ronda: 1
  Duracion: 99
  Puntajes:
    EXE: 701


Detalles de la partida:
  Modo: NORMAL
  Numero de ronda: 1
  Duracion: 193
  Puntajes:
    EXE: 1520


Detalles de la partida:
  Modo: NORMAL
  Numero de ronda: 1
  Duracion: 249
  Puntajes:
    EXE: 2552


Detalles de la partida:
  Modo: NORMAL
  Numero de ronda: 1
  Duracion: 37
  Puntajes:
    EXE: 87


Detalles de la partida:
  Modo: NORMAL
  Numero de ronda: 1
  Duracion: 147
  Puntajes:
    EXE: 964


Detalles de la partida:
  Modo: NORMAL
  Numero de ronda: 1
  Duracion: 138
  Puntajes:
    EXE: 695


Detalles de la partida:
  Modo: NORMAL
  Numero de ronda: 1
  Duracion: 242
  Puntajes:
    EXE: 2305


Detalles de la partida:
  Modo: NORMAL
  Numero de ronda: 1
  Duracion: 154
  Puntajes:
    EXE: 1227


Detalles de la partida:
  Modo: NORMAL
  Numero de ronda: 1
  Duracion: 165
  Puntajes:
    EXE: 1283


Detalles de la partida:
  Modo: NORMAL
  Numero de ronda: 1
  Duracion: 291
  Puntajes:
    BrainV3 3006700: 3222
    BrainV3 6339644: 847
    BrainV3 1904637: 279
    BrainV3 4007560: 250
    BrainV3 3788466: 225
    BrainV3 6627297: 99
    BrainV3 3635335: 44
    EXE: 44
    BrainV3 187367: 41
    BrainV3 2624722: 18
    BrainV3 5298408: 17


Detalles de la partida:
  Modo: NORMAL
  Numero de ronda: 1
  Duracion: 556
  Puntajes:
    BrainV3 649838: 10266
    BrainV3 2866931: 1446
    BrainV3 5333149: 993
    BrainV3 360849: 312
    BrainV3 6295395: 201
    EXE: 189
    BrainV3 4229519: 53
    BrainV3 6026847: 34
    BrainV3 2284225: 26
    BrainV3 1794662: 23
    BrainV3 1873109: 0


Detalles de la partida:
  Modo: NORMAL
  Numero de ronda: 1
  Duracion: 540
  Puntajes:
    BrainV3 5942265: 12408
    BrainV3 7320463: 302
    BrainV3 9164938: 114
    BrainV3 1266837: 91
    BrainV3 5462302: 87
    EXE: 33
    BrainV3 3906185: 25
    BrainV3 757153: 5
    BrainV3 275347: 4
    BrainV3 6300876: 1
    BrainV3 529509: 1


Detalles de la partida:
  Modo: BATTLE_ROYALE
  Numero de ronda: 1
  Duracion: 500
  Puntajes:
    BrainV3 1601274: 3260
    BrainV3 4799997: 2151
    BrainV3 2333318: 993
    BrainV3 5414541: 392
    BrainV3 7380927: 337
    BrainV3 3690622: 289
    BrainV3 3557798: 136
    EXE: 68
    BrainV3 5655559: 25
    BrainV3 3728171: 18
    BrainV3 7918006: 4


Detalles de la partida:
  Modo: NORMAL
  Numero de ronda: 1
  Duracion: 1
  Puntajes:
    EXE: 0


Detalles de la partida:
  Modo: NORMAL
  Numero de ronda: 1
  Duracion: 95
  Puntajes:
    EXE: 653


Detalles de la partida:
  Modo: NORMAL
  Numero de ronda: 1
  Duracion: 195
  Puntajes:
    EXE: 1307


Detalles de la partida:
  Modo: NORMAL
  Numero de ronda: 1
  Duracion: 97
  Puntajes:
    EXE: 432


Detalles de la partida:
  Modo: NORMAL
  Numero de ronda: 1
  Duracion: 197
  Puntajes:
    EXE: 1648


Detalles de la partida:
  Modo: NORMAL
  Numero de ronda: 1
  Duracion: 17
  Puntajes:
    EXE: 22


Detalles de la partida:
  Modo: NORMAL
  Numero de ronda: 1
  Duracion: 3
  Puntajes:
    EXE: 2


Detalles de la partida:
  Modo: NORMAL
  Numero de ronda: 1
  Duracion: 328
  Puntajes:
    EXE: 4468


Detalles de la partida:
  Modo: NORMAL
  Numero de ronda: 1
  Duracion: 109
  Puntajes:
    EXE: 472


Detalles de la partida:
  Modo: BATTLE_ROYALE
  Numero de ronda: 1
  Duracion: 59
  Puntajes:
    EXE: 122


Detalles de la partida:
  Modo: BATTLE_ROYALE
  Numero de ronda: 1
  Duracion: 236
  Puntajes:
    EXE: 1560


Detalles de la partida:
  Modo: BATTLE_ROYALE
  Numero de ronda: 1
  Duracion: 158
  Puntajes:
    EXE: 945


Detalles de la partida:
  Modo: BATTLE_ROYALE
  Numero de ronda: 1
  Duracion: 171
  Puntajes:
    EXE: 867


